Arguments: 
  /usr/local/Cellar/node@10/10.19.0/bin/node /usr/local/Cellar/yarn/1.22.4/libexec/bin/yarn.js install

PATH: 
  /usr/local/opt/node@10/bin:/usr/local/opt/node@10/bin:/usr/local/opt/node@10/bin:/usr/local/bin:/usr/bin:/bin:/usr/sbin:/sbin:/usr/local/go/bin:/usr/local/opt/node@10/bin:/Users/chaitanya/go/bin:/Users/chaitanya/go/bin

Yarn version: 
  1.22.4

Node version: 
  10.19.0

Platform: 
  darwin x64

Trace: 
  Error: ENOENT: no such file or directory, lstat '/Users/chaitanya/Library/Caches/Yarn/v6/npm-assert-1.5.0-55c109aaf6e0aefdb3dc4b71240c70bf574b18eb-integrity/node_modules/assert/.zuul.yml'

npm manifest: 
  {
    "name": "client",
    "version": "0.1.0",
    "private": false,
    "license": "MIT",
    "dependencies": {
      "@testing-library/jest-dom": "^4.2.4",
      "@testing-library/react": "^9.3.2",
      "@testing-library/user-event": "^7.1.2",
      "@types/jest": "^24.0.0",
      "@types/node": "^12.0.0",
      "@types/react": "^16.9.0",
      "@types/react-dom": "^16.9.0",
      "axios": "^0.19.2",
      "react": "^16.13.1",
      "react-dom": "^16.13.1",
      "react-scripts": "3.4.0",
      "typescript": "~3.7.2"
    },
    "scripts": {
      "start": "react-scripts start",
      "build": "react-scripts build",
      "test": "react-scripts test",
      "eject": "react-scripts eject"
    },
    "eslintConfig": {
      "extends": "react-app"
    },
    "browserslist": {
      "production": [
        ">0.2%",
        "not dead",
        "not op_mini all"
      ],
      "development": [
        "last 1 chrome version",
        "last 1 firefox version",
        "last 1 safari version"
      ]
    }
  }

yarn manifest: 
  No manifest

Lockfile: 
  No lockfile
